Hmm ... looks like a package
Converting parsed Rd's to LaTeX 
Creating pdf output from LaTeX ...

This is pdfTeX, Version 3.141592653-2.6-1.40.28 (TeX Live 2025) (preloaded format=pdflatex)
 restricted \write18 enabled.
entering extended mode
LaTeX2e <2025-06-01> patch level 1
L3 programming layer <2025-06-09>
(./Rd2.tex
(/usr/local/texlive/2025/texmf-dist/tex/latex/base/book.cls
Document Class: book 2025/01/22 v1.4n Standard LaTeX document class
(/usr/local/texlive/2025/texmf-dist/tex/latex/base/bk10.clo))
(/Library/Frameworks/R.framework/Resources/share/texmf/tex/latex/Rd.sty
(/usr/local/texlive/2025/texmf-dist/tex/latex/base/ifthen.sty)
(/usr/local/texlive/2025/texmf-dist/tex/generic/iftex/iftex.sty)
(/usr/local/texlive/2025/texmf-dist/tex/latex/tools/longtable.sty)
(/usr/local/texlive/2025/texmf-dist/tex/latex/tools/bm.sty)
(/usr/local/texlive/2025/texmf-dist/tex/latex/base/alltt.sty)
(/usr/local/texlive/2025/texmf-dist/tex/latex/tools/verbatim.sty)
(/usr/local/texlive/2025/texmf-dist/tex/latex/url/url.sty)
(/usr/local/texlive/2025/texmf-dist/tex/latex/base/textcomp.sty)
(/usr/local/texlive/2025/texmf-dist/tex/latex/amsmath/amsmath.sty
For additional information on amsmath, use the `?' option.
(/usr/local/texlive/2025/texmf-dist/tex/latex/amsmath/amstext.sty
(/usr/local/texlive/2025/texmf-dist/tex/latex/amsmath/amsgen.sty))
(/usr/local/texlive/2025/texmf-dist/tex/latex/amsmath/amsbsy.sty)
(/usr/local/texlive/2025/texmf-dist/tex/latex/amsmath/amsopn.sty))
(/usr/local/texlive/2025/texmf-dist/tex/latex/amsfonts/amsfonts.sty)
(/usr/local/texlive/2025/texmf-dist/tex/latex/amsfonts/amssymb.sty)
(/usr/local/texlive/2025/texmf-dist/tex/latex/jknapltx/mathrsfs.sty)
(/usr/local/texlive/2025/texmf-dist/tex/latex/base/fontenc.sty)
(/usr/local/texlive/2025/texmf-dist/tex/latex/psnfss/times.sty)
(/usr/local/texlive/2025/texmf-dist/tex/latex/inconsolata/zi4.sty
`inconsolata-zi4' v1.12, 2019/05/17 Text macros for Inconsolata (msharpe)
(/usr/local/texlive/2025/texmf-dist/tex/latex/xkeyval/xkeyval.sty
(/usr/local/texlive/2025/texmf-dist/tex/generic/xkeyval/xkeyval.tex
(/usr/local/texlive/2025/texmf-dist/tex/generic/xkeyval/xkvutils.tex
(/usr/local/texlive/2025/texmf-dist/tex/generic/xkeyval/keyval.tex)))))
(/usr/local/texlive/2025/texmf-dist/tex/latex/graphics/color.sty
(/usr/local/texlive/2025/texmf-dist/tex/latex/graphics-cfg/color.cfg)
(/usr/local/texlive/2025/texmf-dist/tex/latex/graphics-def/pdftex.def)
(/usr/local/texlive/2025/texmf-dist/tex/latex/graphics/mathcolor.ltx))
(/usr/local/texlive/2025/texmf-dist/tex/latex/hyperref/hyperref.sty
(/usr/local/texlive/2025/texmf-dist/tex/latex/kvsetkeys/kvsetkeys.sty)
(/usr/local/texlive/2025/texmf-dist/tex/generic/kvdefinekeys/kvdefinekeys.sty)
(/usr/local/texlive/2025/texmf-dist/tex/generic/pdfescape/pdfescape.sty
(/usr/local/texlive/2025/texmf-dist/tex/generic/ltxcmds/ltxcmds.sty)
(/usr/local/texlive/2025/texmf-dist/tex/generic/pdftexcmds/pdftexcmds.sty
(/usr/local/texlive/2025/texmf-dist/tex/generic/infwarerr/infwarerr.sty)))
(/usr/local/texlive/2025/texmf-dist/tex/latex/hycolor/hycolor.sty)
(/usr/local/texlive/2025/texmf-dist/tex/latex/hyperref/nameref.sty
(/usr/local/texlive/2025/texmf-dist/tex/latex/refcount/refcount.sty)
(/usr/local/texlive/2025/texmf-dist/tex/generic/gettitlestring/gettitlestring.s
ty (/usr/local/texlive/2025/texmf-dist/tex/latex/kvoptions/kvoptions.sty)))
(/usr/local/texlive/2025/texmf-dist/tex/latex/etoolbox/etoolbox.sty)
(/usr/local/texlive/2025/texmf-dist/tex/generic/stringenc/stringenc.sty)
(/usr/local/texlive/2025/texmf-dist/tex/latex/hyperref/pd1enc.def)
(/usr/local/texlive/2025/texmf-dist/tex/generic/intcalc/intcalc.sty)
(/usr/local/texlive/2025/texmf-dist/tex/latex/hyperref/puenc.def)
(/usr/local/texlive/2025/texmf-dist/tex/generic/bitset/bitset.sty
(/usr/local/texlive/2025/texmf-dist/tex/generic/bigintcalc/bigintcalc.sty)))
(/usr/local/texlive/2025/texmf-dist/tex/latex/hyperref/hpdftex.def
(/usr/local/texlive/2025/texmf-dist/tex/latex/rerunfilecheck/rerunfilecheck.sty

(/usr/local/texlive/2025/texmf-dist/tex/generic/uniquecounter/uniquecounter.sty
)))) (/usr/local/texlive/2025/texmf-dist/tex/latex/base/makeidx.sty)
Writing index file Rd2.idx
(/usr/local/texlive/2025/texmf-dist/tex/latex/psnfss/t1ptm.fd)
(/usr/local/texlive/2025/texmf-dist/tex/latex/l3backend/l3backend-pdftex.def)
No file Rd2.aux.
(/usr/local/texlive/2025/texmf-dist/tex/context/base/mkii/supp-pdf.mkii
[Loading MPS to PDF converter (version 2006.09.02).]
) (/usr/local/texlive/2025/texmf-dist/tex/latex/psnfss/ts1ptm.fd)
(/usr/local/texlive/2025/texmf-dist/tex/latex/inconsolata/t1zi4.fd)
(/usr/local/texlive/2025/texmf-dist/tex/latex/amsfonts/umsa.fd)
(/usr/local/texlive/2025/texmf-dist/tex/latex/amsfonts/umsb.fd)
(/usr/local/texlive/2025/texmf-dist/tex/latex/jknapltx/ursfs.fd)
No file Rd2.toc.

[1{/usr/local/texlive/2025/texmf-var/fonts/map/pdftex/updmap/pdftex.map}{/usr/l
ocal/texlive/2025/texmf-dist/fonts/enc/dvips/base/8r.enc}{/usr/local/texlive/20
25/texmf-dist/fonts/enc/dvips/inconsolata/i4-t1-0.enc}]
[2]
Overfull \hbox (405.40527pt too wide) in alignment at lines 141--141
 [] [] [] 

[3]
[4]
Overfull \hbox (78.42592pt too wide) in paragraph at lines 260--265
[]\T1/ptm/m/n/10 Other in-put.elements: [][]shiny::animationOptions[][][], [][]
shiny::sliderInput[][][]; [][]shiny::checkboxGroupInput[][][]; [][]shiny::check
boxInput[][][];

Overfull \hbox (10.11641pt too wide) in paragraph at lines 260--265
[][]\T1/ptm/m/n/10 shiny::dateInput[][][]; [][]shiny::dateRangeInput[][][]; [][
]shiny::fileInput[][][]; [][]shiny::numericInput[][][]; [][]shiny::passwordInpu
t[][][];

Overfull \hbox (0.84578pt too wide) in paragraph at lines 260--265
[][]\T1/ptm/m/n/10 shiny::radioButtons[][][]; [][]shiny::selectInput[][][], [][
]shiny::selectizeInput[][][]; [][]shiny::submitButton[][][]; [][]shiny::textInp
ut[][][] 

[5]
[6] (/usr/local/texlive/2025/texmf-dist/tex/latex/inconsolata/ts1zi4.fd)
Overfull \hbox (7.35785pt too wide) in paragraph at lines 402--404
[][][]\T1/zi4/m/n/10 character[][][] []\T1/ptm/m/n/10 (\T1/ptm/m/it/10 op-tiona
l\T1/ptm/m/n/10 ): At-tach tooltip to all el-e-ments with at-tribute []\T1/zi4/
m/n/10 attr=\TS1/zi4/m/n/10 '\T1/zi4/m/n/10 refId\TS1/zi4/m/n/10 '[]\T1/ptm/m/n
/10 . 

[7{/usr/local/texlive/2025/texmf-dist/fonts/enc/dvips/inconsolata/i4-ts1.enc}]
No file Rd2.ind.

[8]
(/private/var/folders/yz/3s5p1pss4352wtlzt9_bzbp00000gp/T/RtmpTwSwvA/Rd2pdffa24
68c150ff/Rd2.aux)

Package rerunfilecheck Warning: File `Rd2.out' has changed.
(rerunfilecheck)                Rerun to get outlines right
(rerunfilecheck)                or use package `bookmark'.

 )
(see the transcript file for additional information)
pdfTeX warning (dest): name{Rfn.numeric} has been referenced but does not exist
, replaced by a fixed one


pdfTeX warning (dest): name{Rfn.shiny::textInput} has been referenced but does 
not exist, replaced by a fixed one


pdfTeX warning (dest): name{Rfn.shiny::submitButton} has been referenced but do
es not exist, replaced by a fixed one


pdfTeX warning (dest): name{Rfn.shiny::selectizeInput} has been referenced but 
does not exist, replaced by a fixed one


pdfTeX warning (dest): name{Rfn.shiny::selectInput} has been referenced but doe
s not exist, replaced by a fixed one


pdfTeX warning (dest): name{Rfn.shiny::radioButtons} has been referenced but do
es not exist, replaced by a fixed one


pdfTeX warning (dest): name{Rfn.shiny::passwordInput} has been referenced but d
oes not exist, replaced by a fixed one


pdfTeX warning (dest): name{Rfn.shiny::numericInput} has been referenced but do
es not exist, replaced by a fixed one


pdfTeX warning (dest): name{Rfn.shiny::fileInput} has been referenced but does 
not exist, replaced by a fixed one


pdfTeX warning (dest): name{Rfn.shiny::dateRangeInput} has been referenced but 
does not exist, replaced by a fixed one


pdfTeX warning (dest): name{Rfn.shiny::dateInput} has been referenced but does 
not exist, replaced by a fixed one


pdfTeX warning (dest): name{Rfn.shiny::checkboxInput} has been referenced but d
oes not exist, replaced by a fixed one


pdfTeX warning (dest): name{Rfn.shiny::checkboxGroupInput} has been referenced 
but does not exist, replaced by a fixed one


pdfTeX warning (dest): name{Rfn.shiny::sliderInput} has been referenced but doe
s not exist, replaced by a fixed one


pdfTeX warning (dest): name{Rfn.shiny::animationOptions} has been referenced bu
t does not exist, replaced by a fixed one


pdfTeX warning (dest): name{Rfn.logical} has been referenced but does not exist
, replaced by a fixed one


pdfTeX warning (dest): name{Rfn.character} has been referenced but does not exi
st, replaced by a fixed one


pdfTeX warning (dest): name{Rfn.RCarb::model.Rul.DoseRate} has been referenced 
but does not exist, replaced by a fixed one


pdfTeX warning (dest): name{Rfn.Luminescence::scale.Rul.GammaDose} has been ref
erenced but does not exist, replaced by a fixed one


pdfTeX warning (dest): name{Rfn.Luminescence::plot.Rul.RLum} has been reference
d but does not exist, replaced by a fixed one


pdfTeX warning (dest): name{Rfn.Luminescence::fit.Rul.LMCurve} has been referen
ced but does not exist, replaced by a fixed one


pdfTeX warning (dest): name{Rfn.Luminescence::analyse.Rul.IRSAR.RF} has been re
ferenced but does not exist, replaced by a fixed one


pdfTeX warning (dest): name{Rfn.Luminescence::calc.Rul.Huntley2006} has been re
ferenced but does not exist, replaced by a fixed one


pdfTeX warning (dest): name{Rfn.Luminescence::calc.Rul.FiniteMixture} has been 
referenced but does not exist, replaced by a fixed one


pdfTeX warning (dest): name{Rfn.Luminescence::calc.Rul.FadingCorr} has been ref
erenced but does not exist, replaced by a fixed one


pdfTeX warning (dest): name{Rfn.Luminescence::analyse.Rul.FadingMeasurement} ha
s been referenced but does not exist, replaced by a fixed one


pdfTeX warning (dest): name{Rfn.Luminescence::calc.Rul.FastRatio} has been refe
renced but does not exist, replaced by a fixed one


pdfTeX warning (dest): name{Rfn.Luminescence::plot.Rul.FilterCombinations} has 
been referenced but does not exist, replaced by a fixed one


pdfTeX warning (dest): name{Rfn.Luminescence::convert.Rul.CW2pPMi} has been ref
erenced but does not exist, replaced by a fixed one


pdfTeX warning (dest): name{Rfn.Luminescence::convert.Rul.CW2pLMi} has been ref
erenced but does not exist, replaced by a fixed one


pdfTeX warning (dest): name{Rfn.Luminescence::convert.Rul.CW2pLM} has been refe
renced but does not exist, replaced by a fixed one


pdfTeX warning (dest): name{Rfn.Luminescence::convert.Rul.CW2pHMi} has been ref
erenced but does not exist, replaced by a fixed one


pdfTeX warning (dest): name{Rfn.Luminescence::calc.Rul.CosmicDoseRate} has been
 referenced but does not exist, replaced by a fixed one


pdfTeX warning (dest): name{Rfn.Luminescence::plot.Rul.DRTResults} has been ref
erenced but does not exist, replaced by a fixed one


pdfTeX warning (dest): name{Rfn.Luminescence::calc.Rul.AliquotSize} has been re
ferenced but does not exist, replaced by a fixed one


pdfTeX warning (dest): name{Rfn.Luminescence::plot.Rul.RadialPlot} has been ref
erenced but does not exist, replaced by a fixed one


pdfTeX warning (dest): name{Rfn.Luminescence::plot.Rul.KDE} has been referenced
 but does not exist, replaced by a fixed one


pdfTeX warning (dest): name{Rfn.Luminescence::plot.Rul.Histogram} has been refe
renced but does not exist, replaced by a fixed one


pdfTeX warning (dest): name{Rfn.Luminescence::plot.Rul.AbanicoPlot} has been re
ferenced but does not exist, replaced by a fixed one


pdfTeX warning (dest): name{Rfn.shiny::runApp} has been referenced but does not
 exist, replaced by a fixed one

</usr/local/texlive/2025/texmf-dist/fonts/type1/public/inconsolata/Inconsolata-
zi4r.pfb></usr/local/texlive/2025/texmf-dist/fonts/type1/urw/times/utmb8a.pfb><
/usr/local/texlive/2025/texmf-dist/fonts/type1/urw/times/utmr8a.pfb></usr/local
/texlive/2025/texmf-dist/fonts/type1/urw/times/utmr8a.pfb></usr/local/texlive/2
025/texmf-dist/fonts/type1/urw/times/utmri8a.pfb>
Output written on Rd2.pdf (8 pages, 102106 bytes).
Transcript written on Rd2.log.
This is makeindex, version 2.17 [TeX Live 2025] (kpathsea + Thai support).
Scanning input file Rd2.idx....done (76 entries accepted, 0 rejected).
Sorting entries....done (515 comparisons).
Generating output file Rd2.ind....done (107 lines written, 0 warnings).
Output written in Rd2.ind.
Transcript written in Rd2.ilg.
This is pdfTeX, Version 3.141592653-2.6-1.40.28 (TeX Live 2025) (preloaded format=pdflatex)
 restricted \write18 enabled.
entering extended mode
LaTeX2e <2025-06-01> patch level 1
L3 programming layer <2025-06-09>
(./Rd2.tex
(/usr/local/texlive/2025/texmf-dist/tex/latex/base/book.cls
Document Class: book 2025/01/22 v1.4n Standard LaTeX document class
(/usr/local/texlive/2025/texmf-dist/tex/latex/base/bk10.clo))
(/Library/Frameworks/R.framework/Resources/share/texmf/tex/latex/Rd.sty
(/usr/local/texlive/2025/texmf-dist/tex/latex/base/ifthen.sty)
(/usr/local/texlive/2025/texmf-dist/tex/generic/iftex/iftex.sty)
(/usr/local/texlive/2025/texmf-dist/tex/latex/tools/longtable.sty)
(/usr/local/texlive/2025/texmf-dist/tex/latex/tools/bm.sty)
(/usr/local/texlive/2025/texmf-dist/tex/latex/base/alltt.sty)
(/usr/local/texlive/2025/texmf-dist/tex/latex/tools/verbatim.sty)
(/usr/local/texlive/2025/texmf-dist/tex/latex/url/url.sty)
(/usr/local/texlive/2025/texmf-dist/tex/latex/base/textcomp.sty)
(/usr/local/texlive/2025/texmf-dist/tex/latex/amsmath/amsmath.sty
For additional information on amsmath, use the `?' option.
(/usr/local/texlive/2025/texmf-dist/tex/latex/amsmath/amstext.sty
(/usr/local/texlive/2025/texmf-dist/tex/latex/amsmath/amsgen.sty))
(/usr/local/texlive/2025/texmf-dist/tex/latex/amsmath/amsbsy.sty)
(/usr/local/texlive/2025/texmf-dist/tex/latex/amsmath/amsopn.sty))
(/usr/local/texlive/2025/texmf-dist/tex/latex/amsfonts/amsfonts.sty)
(/usr/local/texlive/2025/texmf-dist/tex/latex/amsfonts/amssymb.sty)
(/usr/local/texlive/2025/texmf-dist/tex/latex/jknapltx/mathrsfs.sty)
(/usr/local/texlive/2025/texmf-dist/tex/latex/base/fontenc.sty)
(/usr/local/texlive/2025/texmf-dist/tex/latex/psnfss/times.sty)
(/usr/local/texlive/2025/texmf-dist/tex/latex/inconsolata/zi4.sty
`inconsolata-zi4' v1.12, 2019/05/17 Text macros for Inconsolata (msharpe)
(/usr/local/texlive/2025/texmf-dist/tex/latex/xkeyval/xkeyval.sty
(/usr/local/texlive/2025/texmf-dist/tex/generic/xkeyval/xkeyval.tex
(/usr/local/texlive/2025/texmf-dist/tex/generic/xkeyval/xkvutils.tex
(/usr/local/texlive/2025/texmf-dist/tex/generic/xkeyval/keyval.tex)))))
(/usr/local/texlive/2025/texmf-dist/tex/latex/graphics/color.sty
(/usr/local/texlive/2025/texmf-dist/tex/latex/graphics-cfg/color.cfg)
(/usr/local/texlive/2025/texmf-dist/tex/latex/graphics-def/pdftex.def)
(/usr/local/texlive/2025/texmf-dist/tex/latex/graphics/mathcolor.ltx))
(/usr/local/texlive/2025/texmf-dist/tex/latex/hyperref/hyperref.sty
(/usr/local/texlive/2025/texmf-dist/tex/latex/kvsetkeys/kvsetkeys.sty)
(/usr/local/texlive/2025/texmf-dist/tex/generic/kvdefinekeys/kvdefinekeys.sty)
(/usr/local/texlive/2025/texmf-dist/tex/generic/pdfescape/pdfescape.sty
(/usr/local/texlive/2025/texmf-dist/tex/generic/ltxcmds/ltxcmds.sty)
(/usr/local/texlive/2025/texmf-dist/tex/generic/pdftexcmds/pdftexcmds.sty
(/usr/local/texlive/2025/texmf-dist/tex/generic/infwarerr/infwarerr.sty)))
(/usr/local/texlive/2025/texmf-dist/tex/latex/hycolor/hycolor.sty)
(/usr/local/texlive/2025/texmf-dist/tex/latex/hyperref/nameref.sty
(/usr/local/texlive/2025/texmf-dist/tex/latex/refcount/refcount.sty)
(/usr/local/texlive/2025/texmf-dist/tex/generic/gettitlestring/gettitlestring.s
ty (/usr/local/texlive/2025/texmf-dist/tex/latex/kvoptions/kvoptions.sty)))
(/usr/local/texlive/2025/texmf-dist/tex/latex/etoolbox/etoolbox.sty)
(/usr/local/texlive/2025/texmf-dist/tex/generic/stringenc/stringenc.sty)
(/usr/local/texlive/2025/texmf-dist/tex/latex/hyperref/pd1enc.def)
(/usr/local/texlive/2025/texmf-dist/tex/generic/intcalc/intcalc.sty)
(/usr/local/texlive/2025/texmf-dist/tex/latex/hyperref/puenc.def)
(/usr/local/texlive/2025/texmf-dist/tex/generic/bitset/bitset.sty
(/usr/local/texlive/2025/texmf-dist/tex/generic/bigintcalc/bigintcalc.sty)))
(/usr/local/texlive/2025/texmf-dist/tex/latex/hyperref/hpdftex.def
(/usr/local/texlive/2025/texmf-dist/tex/latex/rerunfilecheck/rerunfilecheck.sty

(/usr/local/texlive/2025/texmf-dist/tex/generic/uniquecounter/uniquecounter.sty
)))) (/usr/local/texlive/2025/texmf-dist/tex/latex/base/makeidx.sty)
Writing index file Rd2.idx
(/usr/local/texlive/2025/texmf-dist/tex/latex/psnfss/t1ptm.fd)
(/usr/local/texlive/2025/texmf-dist/tex/latex/l3backend/l3backend-pdftex.def)
(/private/var/folders/yz/3s5p1pss4352wtlzt9_bzbp00000gp/T/RtmpTwSwvA/Rd2pdffa24
68c150ff/Rd2.aux)
(/usr/local/texlive/2025/texmf-dist/tex/context/base/mkii/supp-pdf.mkii
[Loading MPS to PDF converter (version 2006.09.02).]
)
(/private/var/folders/yz/3s5p1pss4352wtlzt9_bzbp00000gp/T/RtmpTwSwvA/Rd2pdffa24
68c150ff/Rd2.out)
(/private/var/folders/yz/3s5p1pss4352wtlzt9_bzbp00000gp/T/RtmpTwSwvA/Rd2pdffa24
68c150ff/Rd2.out)
(/usr/local/texlive/2025/texmf-dist/tex/latex/psnfss/ts1ptm.fd)
(/usr/local/texlive/2025/texmf-dist/tex/latex/inconsolata/t1zi4.fd)
(/usr/local/texlive/2025/texmf-dist/tex/latex/amsfonts/umsa.fd)
(/usr/local/texlive/2025/texmf-dist/tex/latex/amsfonts/umsb.fd)
(/usr/local/texlive/2025/texmf-dist/tex/latex/jknapltx/ursfs.fd)
(/private/var/folders/yz/3s5p1pss4352wtlzt9_bzbp00000gp/T/RtmpTwSwvA/Rd2pdffa24
68c150ff/Rd2.toc
[1{/usr/local/texlive/2025/texmf-var/fonts/map/pdftex/updmap/pdftex.map}{/usr/l
ocal/texlive/2025/texmf-dist/fonts/enc/dvips/base/8r.enc}{/usr/local/texlive/20
25/texmf-dist/fonts/enc/dvips/inconsolata/i4-t1-0.enc}])
[2]
Overfull \hbox (405.40527pt too wide) in alignment at lines 141--141
 [] [] [] 

[3]
[4]
Overfull \hbox (78.42592pt too wide) in paragraph at lines 260--265
[]\T1/ptm/m/n/10 Other in-put.elements: [][]shiny::animationOptions[][][], [][]
shiny::sliderInput[][][]; [][]shiny::checkboxGroupInput[][][]; [][]shiny::check
boxInput[][][];

Overfull \hbox (10.11641pt too wide) in paragraph at lines 260--265
[][]\T1/ptm/m/n/10 shiny::dateInput[][][]; [][]shiny::dateRangeInput[][][]; [][
]shiny::fileInput[][][]; [][]shiny::numericInput[][][]; [][]shiny::passwordInpu
t[][][];

Overfull \hbox (0.84578pt too wide) in paragraph at lines 260--265
[][]\T1/ptm/m/n/10 shiny::radioButtons[][][]; [][]shiny::selectInput[][][], [][
]shiny::selectizeInput[][][]; [][]shiny::submitButton[][][]; [][]shiny::textInp
ut[][][] 

[5]
[6] (/usr/local/texlive/2025/texmf-dist/tex/latex/inconsolata/ts1zi4.fd)
Overfull \hbox (7.35785pt too wide) in paragraph at lines 402--404
[][][]\T1/zi4/m/n/10 character[][][] []\T1/ptm/m/n/10 (\T1/ptm/m/it/10 op-tiona
l\T1/ptm/m/n/10 ): At-tach tooltip to all el-e-ments with at-tribute []\T1/zi4/
m/n/10 attr=\TS1/zi4/m/n/10 '\T1/zi4/m/n/10 refId\TS1/zi4/m/n/10 '[]\T1/ptm/m/n
/10 . 

[7{/usr/local/texlive/2025/texmf-dist/fonts/enc/dvips/inconsolata/i4-ts1.enc}]
(/private/var/folders/yz/3s5p1pss4352wtlzt9_bzbp00000gp/T/RtmpTwSwvA/Rd2pdffa24
68c150ff/Rd2.ind
[8]
Overfull \hbox (8.3567pt too wide) in paragraph at lines 19--21
[]\T1/zi4/m/n/10 Luminescence::analyse_FadingMeasurement\T1/ptm/m/n/10 , 

LaTeX Font Warning: Font shape `T1/zi4/m/it' undefined
(Font)              using `T1/zi4/m/n' instead on input line 75.



[9])
(/private/var/folders/yz/3s5p1pss4352wtlzt9_bzbp00000gp/T/RtmpTwSwvA/Rd2pdffa24
68c150ff/Rd2.aux)

LaTeX Font Warning: Some font shapes were not available, defaults substituted.


Package rerunfilecheck Warning: File `Rd2.out' has changed.
(rerunfilecheck)                Rerun to get outlines right
(rerunfilecheck)                or use package `bookmark'.

 )
(see the transcript file for additional information)
pdfTeX warning (dest): name{Rfn.numeric} has been referenced but does not exist
, replaced by a fixed one


pdfTeX warning (dest): name{Rfn.shiny::textInput} has been referenced but does 
not exist, replaced by a fixed one


pdfTeX warning (dest): name{Rfn.shiny::submitButton} has been referenced but do
es not exist, replaced by a fixed one


pdfTeX warning (dest): name{Rfn.shiny::selectizeInput} has been referenced but 
does not exist, replaced by a fixed one


pdfTeX warning (dest): name{Rfn.shiny::selectInput} has been referenced but doe
s not exist, replaced by a fixed one


pdfTeX warning (dest): name{Rfn.shiny::radioButtons} has been referenced but do
es not exist, replaced by a fixed one


pdfTeX warning (dest): name{Rfn.shiny::passwordInput} has been referenced but d
oes not exist, replaced by a fixed one


pdfTeX warning (dest): name{Rfn.shiny::numericInput} has been referenced but do
es not exist, replaced by a fixed one


pdfTeX warning (dest): name{Rfn.shiny::fileInput} has been referenced but does 
not exist, replaced by a fixed one


pdfTeX warning (dest): name{Rfn.shiny::dateRangeInput} has been referenced but 
does not exist, replaced by a fixed one


pdfTeX warning (dest): name{Rfn.shiny::dateInput} has been referenced but does 
not exist, replaced by a fixed one


pdfTeX warning (dest): name{Rfn.shiny::checkboxInput} has been referenced but d
oes not exist, replaced by a fixed one


pdfTeX warning (dest): name{Rfn.shiny::checkboxGroupInput} has been referenced 
but does not exist, replaced by a fixed one


pdfTeX warning (dest): name{Rfn.shiny::sliderInput} has been referenced but doe
s not exist, replaced by a fixed one


pdfTeX warning (dest): name{Rfn.shiny::animationOptions} has been referenced bu
t does not exist, replaced by a fixed one


pdfTeX warning (dest): name{Rfn.logical} has been referenced but does not exist
, replaced by a fixed one


pdfTeX warning (dest): name{Rfn.character} has been referenced but does not exi
st, replaced by a fixed one


pdfTeX warning (dest): name{Rfn.RCarb::model.Rul.DoseRate} has been referenced 
but does not exist, replaced by a fixed one


pdfTeX warning (dest): name{Rfn.Luminescence::scale.Rul.GammaDose} has been ref
erenced but does not exist, replaced by a fixed one


pdfTeX warning (dest): name{Rfn.Luminescence::plot.Rul.RLum} has been reference
d but does not exist, replaced by a fixed one


pdfTeX warning (dest): name{Rfn.Luminescence::fit.Rul.LMCurve} has been referen
ced but does not exist, replaced by a fixed one


pdfTeX warning (dest): name{Rfn.Luminescence::analyse.Rul.IRSAR.RF} has been re
ferenced but does not exist, replaced by a fixed one


pdfTeX warning (dest): name{Rfn.Luminescence::calc.Rul.Huntley2006} has been re
ferenced but does not exist, replaced by a fixed one


pdfTeX warning (dest): name{Rfn.Luminescence::calc.Rul.FiniteMixture} has been 
referenced but does not exist, replaced by a fixed one


pdfTeX warning (dest): name{Rfn.Luminescence::calc.Rul.FadingCorr} has been ref
erenced but does not exist, replaced by a fixed one


pdfTeX warning (dest): name{Rfn.Luminescence::analyse.Rul.FadingMeasurement} ha
s been referenced but does not exist, replaced by a fixed one


pdfTeX warning (dest): name{Rfn.Luminescence::calc.Rul.FastRatio} has been refe
renced but does not exist, replaced by a fixed one


pdfTeX warning (dest): name{Rfn.Luminescence::plot.Rul.FilterCombinations} has 
been referenced but does not exist, replaced by a fixed one


pdfTeX warning (dest): name{Rfn.Luminescence::convert.Rul.CW2pPMi} has been ref
erenced but does not exist, replaced by a fixed one


pdfTeX warning (dest): name{Rfn.Luminescence::convert.Rul.CW2pLMi} has been ref
erenced but does not exist, replaced by a fixed one


pdfTeX warning (dest): name{Rfn.Luminescence::convert.Rul.CW2pLM} has been refe
renced but does not exist, replaced by a fixed one


pdfTeX warning (dest): name{Rfn.Luminescence::convert.Rul.CW2pHMi} has been ref
erenced but does not exist, replaced by a fixed one


pdfTeX warning (dest): name{Rfn.Luminescence::calc.Rul.CosmicDoseRate} has been
 referenced but does not exist, replaced by a fixed one


pdfTeX warning (dest): name{Rfn.Luminescence::plot.Rul.DRTResults} has been ref
erenced but does not exist, replaced by a fixed one


pdfTeX warning (dest): name{Rfn.Luminescence::calc.Rul.AliquotSize} has been re
ferenced but does not exist, replaced by a fixed one


pdfTeX warning (dest): name{Rfn.Luminescence::plot.Rul.RadialPlot} has been ref
erenced but does not exist, replaced by a fixed one


pdfTeX warning (dest): name{Rfn.Luminescence::plot.Rul.KDE} has been referenced
 but does not exist, replaced by a fixed one


pdfTeX warning (dest): name{Rfn.Luminescence::plot.Rul.Histogram} has been refe
renced but does not exist, replaced by a fixed one


pdfTeX warning (dest): name{Rfn.Luminescence::plot.Rul.AbanicoPlot} has been re
ferenced but does not exist, replaced by a fixed one


pdfTeX warning (dest): name{Rfn.shiny::runApp} has been referenced but does not
 exist, replaced by a fixed one

</usr/local/texlive/2025/texmf-dist/fonts/type1/public/inconsolata/Inconsolata-
zi4r.pfb></usr/local/texlive/2025/texmf-dist/fonts/type1/urw/times/utmb8a.pfb><
/usr/local/texlive/2025/texmf-dist/fonts/type1/urw/times/utmr8a.pfb></usr/local
/texlive/2025/texmf-dist/fonts/type1/urw/times/utmr8a.pfb></usr/local/texlive/2
025/texmf-dist/fonts/type1/urw/times/utmri8a.pfb>
Output written on Rd2.pdf (9 pages, 106434 bytes).
Transcript written on Rd2.log.
This is makeindex, version 2.17 [TeX Live 2025] (kpathsea + Thai support).
Scanning input file Rd2.idx....done (76 entries accepted, 0 rejected).
Sorting entries....done (515 comparisons).
Generating output file Rd2.ind....done (107 lines written, 0 warnings).
Output written in Rd2.ind.
Transcript written in Rd2.ilg.
This is pdfTeX, Version 3.141592653-2.6-1.40.28 (TeX Live 2025) (preloaded format=pdflatex)
 restricted \write18 enabled.
entering extended mode
LaTeX2e <2025-06-01> patch level 1
L3 programming layer <2025-06-09>
(./Rd2.tex
(/usr/local/texlive/2025/texmf-dist/tex/latex/base/book.cls
Document Class: book 2025/01/22 v1.4n Standard LaTeX document class
(/usr/local/texlive/2025/texmf-dist/tex/latex/base/bk10.clo))
(/Library/Frameworks/R.framework/Resources/share/texmf/tex/latex/Rd.sty
(/usr/local/texlive/2025/texmf-dist/tex/latex/base/ifthen.sty)
(/usr/local/texlive/2025/texmf-dist/tex/generic/iftex/iftex.sty)
(/usr/local/texlive/2025/texmf-dist/tex/latex/tools/longtable.sty)
(/usr/local/texlive/2025/texmf-dist/tex/latex/tools/bm.sty)
(/usr/local/texlive/2025/texmf-dist/tex/latex/base/alltt.sty)
(/usr/local/texlive/2025/texmf-dist/tex/latex/tools/verbatim.sty)
(/usr/local/texlive/2025/texmf-dist/tex/latex/url/url.sty)
(/usr/local/texlive/2025/texmf-dist/tex/latex/base/textcomp.sty)
(/usr/local/texlive/2025/texmf-dist/tex/latex/amsmath/amsmath.sty
For additional information on amsmath, use the `?' option.
(/usr/local/texlive/2025/texmf-dist/tex/latex/amsmath/amstext.sty
(/usr/local/texlive/2025/texmf-dist/tex/latex/amsmath/amsgen.sty))
(/usr/local/texlive/2025/texmf-dist/tex/latex/amsmath/amsbsy.sty)
(/usr/local/texlive/2025/texmf-dist/tex/latex/amsmath/amsopn.sty))
(/usr/local/texlive/2025/texmf-dist/tex/latex/amsfonts/amsfonts.sty)
(/usr/local/texlive/2025/texmf-dist/tex/latex/amsfonts/amssymb.sty)
(/usr/local/texlive/2025/texmf-dist/tex/latex/jknapltx/mathrsfs.sty)
(/usr/local/texlive/2025/texmf-dist/tex/latex/base/fontenc.sty)
(/usr/local/texlive/2025/texmf-dist/tex/latex/psnfss/times.sty)
(/usr/local/texlive/2025/texmf-dist/tex/latex/inconsolata/zi4.sty
`inconsolata-zi4' v1.12, 2019/05/17 Text macros for Inconsolata (msharpe)
(/usr/local/texlive/2025/texmf-dist/tex/latex/xkeyval/xkeyval.sty
(/usr/local/texlive/2025/texmf-dist/tex/generic/xkeyval/xkeyval.tex
(/usr/local/texlive/2025/texmf-dist/tex/generic/xkeyval/xkvutils.tex
(/usr/local/texlive/2025/texmf-dist/tex/generic/xkeyval/keyval.tex)))))
(/usr/local/texlive/2025/texmf-dist/tex/latex/graphics/color.sty
(/usr/local/texlive/2025/texmf-dist/tex/latex/graphics-cfg/color.cfg)
(/usr/local/texlive/2025/texmf-dist/tex/latex/graphics-def/pdftex.def)
(/usr/local/texlive/2025/texmf-dist/tex/latex/graphics/mathcolor.ltx))
(/usr/local/texlive/2025/texmf-dist/tex/latex/hyperref/hyperref.sty
(/usr/local/texlive/2025/texmf-dist/tex/latex/kvsetkeys/kvsetkeys.sty)
(/usr/local/texlive/2025/texmf-dist/tex/generic/kvdefinekeys/kvdefinekeys.sty)
(/usr/local/texlive/2025/texmf-dist/tex/generic/pdfescape/pdfescape.sty
(/usr/local/texlive/2025/texmf-dist/tex/generic/ltxcmds/ltxcmds.sty)
(/usr/local/texlive/2025/texmf-dist/tex/generic/pdftexcmds/pdftexcmds.sty
(/usr/local/texlive/2025/texmf-dist/tex/generic/infwarerr/infwarerr.sty)))
(/usr/local/texlive/2025/texmf-dist/tex/latex/hycolor/hycolor.sty)
(/usr/local/texlive/2025/texmf-dist/tex/latex/hyperref/nameref.sty
(/usr/local/texlive/2025/texmf-dist/tex/latex/refcount/refcount.sty)
(/usr/local/texlive/2025/texmf-dist/tex/generic/gettitlestring/gettitlestring.s
ty (/usr/local/texlive/2025/texmf-dist/tex/latex/kvoptions/kvoptions.sty)))
(/usr/local/texlive/2025/texmf-dist/tex/latex/etoolbox/etoolbox.sty)
(/usr/local/texlive/2025/texmf-dist/tex/generic/stringenc/stringenc.sty)
(/usr/local/texlive/2025/texmf-dist/tex/latex/hyperref/pd1enc.def)
(/usr/local/texlive/2025/texmf-dist/tex/generic/intcalc/intcalc.sty)
(/usr/local/texlive/2025/texmf-dist/tex/latex/hyperref/puenc.def)
(/usr/local/texlive/2025/texmf-dist/tex/generic/bitset/bitset.sty
(/usr/local/texlive/2025/texmf-dist/tex/generic/bigintcalc/bigintcalc.sty)))
(/usr/local/texlive/2025/texmf-dist/tex/latex/hyperref/hpdftex.def
(/usr/local/texlive/2025/texmf-dist/tex/latex/rerunfilecheck/rerunfilecheck.sty

(/usr/local/texlive/2025/texmf-dist/tex/generic/uniquecounter/uniquecounter.sty
)))) (/usr/local/texlive/2025/texmf-dist/tex/latex/base/makeidx.sty)
Writing index file Rd2.idx
(/usr/local/texlive/2025/texmf-dist/tex/latex/psnfss/t1ptm.fd)
(/usr/local/texlive/2025/texmf-dist/tex/latex/l3backend/l3backend-pdftex.def)
(/private/var/folders/yz/3s5p1pss4352wtlzt9_bzbp00000gp/T/RtmpTwSwvA/Rd2pdffa24
68c150ff/Rd2.aux)
(/usr/local/texlive/2025/texmf-dist/tex/context/base/mkii/supp-pdf.mkii
[Loading MPS to PDF converter (version 2006.09.02).]
)
(/private/var/folders/yz/3s5p1pss4352wtlzt9_bzbp00000gp/T/RtmpTwSwvA/Rd2pdffa24
68c150ff/Rd2.out)
(/private/var/folders/yz/3s5p1pss4352wtlzt9_bzbp00000gp/T/RtmpTwSwvA/Rd2pdffa24
68c150ff/Rd2.out)
(/usr/local/texlive/2025/texmf-dist/tex/latex/psnfss/ts1ptm.fd)
(/usr/local/texlive/2025/texmf-dist/tex/latex/inconsolata/t1zi4.fd)
(/usr/local/texlive/2025/texmf-dist/tex/latex/amsfonts/umsa.fd)
(/usr/local/texlive/2025/texmf-dist/tex/latex/amsfonts/umsb.fd)
(/usr/local/texlive/2025/texmf-dist/tex/latex/jknapltx/ursfs.fd)
(/private/var/folders/yz/3s5p1pss4352wtlzt9_bzbp00000gp/T/RtmpTwSwvA/Rd2pdffa24
68c150ff/Rd2.toc
[1{/usr/local/texlive/2025/texmf-var/fonts/map/pdftex/updmap/pdftex.map}{/usr/l
ocal/texlive/2025/texmf-dist/fonts/enc/dvips/base/8r.enc}{/usr/local/texlive/20
25/texmf-dist/fonts/enc/dvips/inconsolata/i4-t1-0.enc}])
[2]
Overfull \hbox (405.40527pt too wide) in alignment at lines 141--141
 [] [] [] 

[3]
[4]
Overfull \hbox (78.42592pt too wide) in paragraph at lines 260--265
[]\T1/ptm/m/n/10 Other in-put.elements: [][]shiny::animationOptions[][][], [][]
shiny::sliderInput[][][]; [][]shiny::checkboxGroupInput[][][]; [][]shiny::check
boxInput[][][];

Overfull \hbox (10.11641pt too wide) in paragraph at lines 260--265
[][]\T1/ptm/m/n/10 shiny::dateInput[][][]; [][]shiny::dateRangeInput[][][]; [][
]shiny::fileInput[][][]; [][]shiny::numericInput[][][]; [][]shiny::passwordInpu
t[][][];

Overfull \hbox (0.84578pt too wide) in paragraph at lines 260--265
[][]\T1/ptm/m/n/10 shiny::radioButtons[][][]; [][]shiny::selectInput[][][], [][
]shiny::selectizeInput[][][]; [][]shiny::submitButton[][][]; [][]shiny::textInp
ut[][][] 

[5]
[6] (/usr/local/texlive/2025/texmf-dist/tex/latex/inconsolata/ts1zi4.fd)
Overfull \hbox (7.35785pt too wide) in paragraph at lines 402--404
[][][]\T1/zi4/m/n/10 character[][][] []\T1/ptm/m/n/10 (\T1/ptm/m/it/10 op-tiona
l\T1/ptm/m/n/10 ): At-tach tooltip to all el-e-ments with at-tribute []\T1/zi4/
m/n/10 attr=\TS1/zi4/m/n/10 '\T1/zi4/m/n/10 refId\TS1/zi4/m/n/10 '[]\T1/ptm/m/n
/10 . 

[7{/usr/local/texlive/2025/texmf-dist/fonts/enc/dvips/inconsolata/i4-ts1.enc}]
(/private/var/folders/yz/3s5p1pss4352wtlzt9_bzbp00000gp/T/RtmpTwSwvA/Rd2pdffa24
68c150ff/Rd2.ind
[8]
Overfull \hbox (8.3567pt too wide) in paragraph at lines 19--21
[]\T1/zi4/m/n/10 Luminescence::analyse_FadingMeasurement\T1/ptm/m/n/10 , 

LaTeX Font Warning: Font shape `T1/zi4/m/it' undefined
(Font)              using `T1/zi4/m/n' instead on input line 75.



[9])
(/private/var/folders/yz/3s5p1pss4352wtlzt9_bzbp00000gp/T/RtmpTwSwvA/Rd2pdffa24
68c150ff/Rd2.aux)

LaTeX Font Warning: Some font shapes were not available, defaults substituted.

 )
(see the transcript file for additional information)
pdfTeX warning (dest): name{Rfn.numeric} has been referenced but does not exist
, replaced by a fixed one


pdfTeX warning (dest): name{Rfn.shiny::textInput} has been referenced but does 
not exist, replaced by a fixed one


pdfTeX warning (dest): name{Rfn.shiny::submitButton} has been referenced but do
es not exist, replaced by a fixed one


pdfTeX warning (dest): name{Rfn.shiny::selectizeInput} has been referenced but 
does not exist, replaced by a fixed one


pdfTeX warning (dest): name{Rfn.shiny::selectInput} has been referenced but doe
s not exist, replaced by a fixed one


pdfTeX warning (dest): name{Rfn.shiny::radioButtons} has been referenced but do
es not exist, replaced by a fixed one


pdfTeX warning (dest): name{Rfn.shiny::passwordInput} has been referenced but d
oes not exist, replaced by a fixed one


pdfTeX warning (dest): name{Rfn.shiny::numericInput} has been referenced but do
es not exist, replaced by a fixed one


pdfTeX warning (dest): name{Rfn.shiny::fileInput} has been referenced but does 
not exist, replaced by a fixed one


pdfTeX warning (dest): name{Rfn.shiny::dateRangeInput} has been referenced but 
does not exist, replaced by a fixed one


pdfTeX warning (dest): name{Rfn.shiny::dateInput} has been referenced but does 
not exist, replaced by a fixed one


pdfTeX warning (dest): name{Rfn.shiny::checkboxInput} has been referenced but d
oes not exist, replaced by a fixed one


pdfTeX warning (dest): name{Rfn.shiny::checkboxGroupInput} has been referenced 
but does not exist, replaced by a fixed one


pdfTeX warning (dest): name{Rfn.shiny::sliderInput} has been referenced but doe
s not exist, replaced by a fixed one


pdfTeX warning (dest): name{Rfn.shiny::animationOptions} has been referenced bu
t does not exist, replaced by a fixed one


pdfTeX warning (dest): name{Rfn.logical} has been referenced but does not exist
, replaced by a fixed one


pdfTeX warning (dest): name{Rfn.character} has been referenced but does not exi
st, replaced by a fixed one


pdfTeX warning (dest): name{Rfn.RCarb::model.Rul.DoseRate} has been referenced 
but does not exist, replaced by a fixed one


pdfTeX warning (dest): name{Rfn.Luminescence::scale.Rul.GammaDose} has been ref
erenced but does not exist, replaced by a fixed one


pdfTeX warning (dest): name{Rfn.Luminescence::plot.Rul.RLum} has been reference
d but does not exist, replaced by a fixed one


pdfTeX warning (dest): name{Rfn.Luminescence::fit.Rul.LMCurve} has been referen
ced but does not exist, replaced by a fixed one


pdfTeX warning (dest): name{Rfn.Luminescence::analyse.Rul.IRSAR.RF} has been re
ferenced but does not exist, replaced by a fixed one


pdfTeX warning (dest): name{Rfn.Luminescence::calc.Rul.Huntley2006} has been re
ferenced but does not exist, replaced by a fixed one


pdfTeX warning (dest): name{Rfn.Luminescence::calc.Rul.FiniteMixture} has been 
referenced but does not exist, replaced by a fixed one


pdfTeX warning (dest): name{Rfn.Luminescence::calc.Rul.FadingCorr} has been ref
erenced but does not exist, replaced by a fixed one


pdfTeX warning (dest): name{Rfn.Luminescence::analyse.Rul.FadingMeasurement} ha
s been referenced but does not exist, replaced by a fixed one


pdfTeX warning (dest): name{Rfn.Luminescence::calc.Rul.FastRatio} has been refe
renced but does not exist, replaced by a fixed one


pdfTeX warning (dest): name{Rfn.Luminescence::plot.Rul.FilterCombinations} has 
been referenced but does not exist, replaced by a fixed one


pdfTeX warning (dest): name{Rfn.Luminescence::convert.Rul.CW2pPMi} has been ref
erenced but does not exist, replaced by a fixed one


pdfTeX warning (dest): name{Rfn.Luminescence::convert.Rul.CW2pLMi} has been ref
erenced but does not exist, replaced by a fixed one


pdfTeX warning (dest): name{Rfn.Luminescence::convert.Rul.CW2pLM} has been refe
renced but does not exist, replaced by a fixed one


pdfTeX warning (dest): name{Rfn.Luminescence::convert.Rul.CW2pHMi} has been ref
erenced but does not exist, replaced by a fixed one


pdfTeX warning (dest): name{Rfn.Luminescence::calc.Rul.CosmicDoseRate} has been
 referenced but does not exist, replaced by a fixed one


pdfTeX warning (dest): name{Rfn.Luminescence::plot.Rul.DRTResults} has been ref
erenced but does not exist, replaced by a fixed one


pdfTeX warning (dest): name{Rfn.Luminescence::calc.Rul.AliquotSize} has been re
ferenced but does not exist, replaced by a fixed one


pdfTeX warning (dest): name{Rfn.Luminescence::plot.Rul.RadialPlot} has been ref
erenced but does not exist, replaced by a fixed one


pdfTeX warning (dest): name{Rfn.Luminescence::plot.Rul.KDE} has been referenced
 but does not exist, replaced by a fixed one


pdfTeX warning (dest): name{Rfn.Luminescence::plot.Rul.Histogram} has been refe
renced but does not exist, replaced by a fixed one


pdfTeX warning (dest): name{Rfn.Luminescence::plot.Rul.AbanicoPlot} has been re
ferenced but does not exist, replaced by a fixed one


pdfTeX warning (dest): name{Rfn.shiny::runApp} has been referenced but does not
 exist, replaced by a fixed one

</usr/local/texlive/2025/texmf-dist/fonts/type1/public/inconsolata/Inconsolata-
zi4r.pfb></usr/local/texlive/2025/texmf-dist/fonts/type1/urw/times/utmb8a.pfb><
/usr/local/texlive/2025/texmf-dist/fonts/type1/urw/times/utmr8a.pfb></usr/local
/texlive/2025/texmf-dist/fonts/type1/urw/times/utmr8a.pfb></usr/local/texlive/2
025/texmf-dist/fonts/type1/urw/times/utmri8a.pfb>
Output written on Rd2.pdf (9 pages, 106746 bytes).
Transcript written on Rd2.log.
Saving output to ‘RLumShiny-manual.pdf’ ...
Done
You may want to clean up by 'rm -Rf /var/folders/yz/3s5p1pss4352wtlzt9_bzbp00000gp/T//RtmpTwSwvA/Rd2pdffa2468c150ff'
