* installing *source* package ‘seqinr’ ...
** this is package ‘seqinr’ version ‘4.2-36’
** package ‘seqinr’ successfully unpacked and MD5 sums checked
** using staged installation
** libs
using C compiler: ‘Homebrew clang version 16.0.6’
using SDK: ‘’
/opt/homebrew/opt/llvm@16/bin/clang  -I"/Library/Frameworks/R.framework/Resources/include" -DNDEBUG   -I/opt/R/arm64/include   -DUSE_TYPE_CHECKING_STRICT -fPIC  -falign-functions=64 -Wall -g -O2  -c alignment.c -o alignment.o
/opt/homebrew/opt/llvm@16/bin/clang  -I"/Library/Frameworks/R.framework/Resources/include" -DNDEBUG   -I/opt/R/arm64/include   -DUSE_TYPE_CHECKING_STRICT -fPIC  -falign-functions=64 -Wall -g -O2  -c fastacc.c -o fastacc.o
/opt/homebrew/opt/llvm@16/bin/clang  -I"/Library/Frameworks/R.framework/Resources/include" -DNDEBUG   -I/opt/R/arm64/include   -DUSE_TYPE_CHECKING_STRICT -fPIC  -falign-functions=64 -Wall -g -O2  -c getzlibsock.c -o getzlibsock.o
/opt/homebrew/opt/llvm@16/bin/clang  -I"/Library/Frameworks/R.framework/Resources/include" -DNDEBUG   -I/opt/R/arm64/include   -DUSE_TYPE_CHECKING_STRICT -fPIC  -falign-functions=64 -Wall -g -O2  -c kaks.c -o kaks.o
/opt/homebrew/opt/llvm@16/bin/clang  -I"/Library/Frameworks/R.framework/Resources/include" -DNDEBUG   -I/opt/R/arm64/include   -DUSE_TYPE_CHECKING_STRICT -fPIC  -falign-functions=64 -Wall -g -O2  -c packagename_init.c -o packagename_init.o
kaks.c:966:2: warning: misleading indentation; statement is not part of the previous 'for' [-Wmisleading-indentation]
        for(i= 0; i<=20; i++) rl[0][i] = rl[i][0] = minrl;
        ^
kaks.c:962:1: note: previous statement is here
for(i=1; i<=20; i++)
^
/opt/homebrew/opt/llvm@16/bin/clang  -I"/Library/Frameworks/R.framework/Resources/include" -DNDEBUG   -I/opt/R/arm64/include   -DUSE_TYPE_CHECKING_STRICT -fPIC  -falign-functions=64 -Wall -g -O2  -c util.c -o util.o
/opt/homebrew/opt/llvm@16/bin/clang  -I"/Library/Frameworks/R.framework/Resources/include" -DNDEBUG   -I/opt/R/arm64/include   -DUSE_TYPE_CHECKING_STRICT -fPIC  -falign-functions=64 -Wall -g -O2  -c zsockr.c -o zsockr.o
1 warning generated.
/opt/homebrew/opt/llvm@16/bin/clang -dynamiclib -Wl,-headerpad_max_install_names -undefined dynamic_lookup -L/Library/Frameworks/R.framework/Resources/lib -L/opt/R/arm64/lib -o seqinr.so alignment.o fastacc.o getzlibsock.o kaks.o packagename_init.o util.o zsockr.o -lz -F/Library/Frameworks/R.framework/.. -framework R
installing to /Users/kreutzer/GitHub/RLumShiny/RLumShiny.BuildResults/Library/00LOCK-seqinr/00new/seqinr/libs
** R
** data
** inst
** byte-compile and prepare package for lazy loading
** help
*** installing help indices
*** copying figures
** building package indices
** testing if installed package can be loaded from temporary location
** checking absolute paths in shared objects and dynamic libraries
** testing if installed package can be loaded from final location
** testing if installed package keeps a record of temporary installation path
* DONE (seqinr)
