* installing *source* package ‘distory’ ...
** this is package ‘distory’ version ‘1.4.5’
** package ‘distory’ successfully unpacked and MD5 sums checked
** using staged installation
** libs
using C compiler: ‘Homebrew clang version 16.0.6’
using C++ compiler: ‘Homebrew clang version 16.0.6’
using SDK: ‘’
/opt/homebrew/opt/llvm@16/bin/clang  -I"/Library/Frameworks/R.framework/Resources/include" -DNDEBUG   -I/opt/R/arm64/include    -fPIC  -falign-functions=64 -Wall -g -O2  -c distory.c -o distory.o
/opt/homebrew/opt/llvm@16/bin/clang++ -I"/Library/Frameworks/R.framework/Resources/include" -DNDEBUG   -I/opt/R/arm64/include    -fPIC  -falign-functions=64 -Wall -g -O2   -c newick.cpp -o newick.o
/opt/homebrew/opt/llvm@16/bin/clang++ -I"/Library/Frameworks/R.framework/Resources/include" -DNDEBUG   -I/opt/R/arm64/include    -fPIC  -falign-functions=64 -Wall -g -O2   -c phydist_r.cpp -o phydist_r.o
/opt/homebrew/opt/llvm@16/bin/clang++ -I"/Library/Frameworks/R.framework/Resources/include" -DNDEBUG   -I/opt/R/arm64/include    -fPIC  -falign-functions=64 -Wall -g -O2   -c treedist-stripped.cpp -o treedist-stripped.o
newick.cpp:102:18: warning: variable 'ctr' set but not used [-Wunused-but-set-variable]
    unsigned int ctr = 0; // nesting level
                 ^
1 warning generated.
/opt/homebrew/opt/llvm@16/bin/clang++ -dynamiclib -Wl,-headerpad_max_install_names -undefined dynamic_lookup -L/Library/Frameworks/R.framework/Resources/lib -L/opt/R/arm64/lib -o distory.so distory.o newick.o phydist_r.o treedist-stripped.o -F/Library/Frameworks/R.framework/.. -framework R
installing to /Users/kreutzer/GitHub/RLumShiny/RLumShiny.BuildResults/Library/00LOCK-distory/00new/distory/libs
** R
** byte-compile and prepare package for lazy loading
** help
*** installing help indices
** building package indices
** testing if installed package can be loaded from temporary location
** checking absolute paths in shared objects and dynamic libraries
** testing if installed package can be loaded from final location
** testing if installed package keeps a record of temporary installation path
* DONE (distory)
