* installing *source* package ‘vegan’ ...
** this is package ‘vegan’ version ‘2.7-1’
** package ‘vegan’ successfully unpacked and MD5 sums checked
** using staged installation
** libs
using C compiler: ‘Homebrew clang version 16.0.6’
using Fortran compiler: ‘GNU Fortran (GCC) 14.2.0’
using SDK: ‘’
/opt/homebrew/opt/llvm@16/bin/clang  -I"/Library/Frameworks/R.framework/Resources/include" -DNDEBUG   -I/opt/R/arm64/include    -fPIC  -falign-functions=64 -Wall -g -O2  -c data2hill.c -o data2hill.o
/opt/gfortran/bin/gfortran  -fPIC  -Wall -g -O2  -c decorana.f -o decorana.o
/opt/homebrew/opt/llvm@16/bin/clang  -I"/Library/Frameworks/R.framework/Resources/include" -DNDEBUG   -I/opt/R/arm64/include    -fPIC  -falign-functions=64 -Wall -g -O2  -c getF.c -o getF.o
/opt/homebrew/opt/llvm@16/bin/clang  -I"/Library/Frameworks/R.framework/Resources/include" -DNDEBUG   -I/opt/R/arm64/include    -fPIC  -falign-functions=64 -Wall -g -O2  -c goffactor.c -o goffactor.o
/opt/homebrew/opt/llvm@16/bin/clang  -I"/Library/Frameworks/R.framework/Resources/include" -DNDEBUG   -I/opt/R/arm64/include    -fPIC  -falign-functions=64 -Wall -g -O2  -c init.c -o init.o
/opt/gfortran/bin/gfortran  -fPIC  -Wall -g -O2  -c monoMDS.f -o monoMDS.o
/opt/homebrew/opt/llvm@16/bin/clang  -I"/Library/Frameworks/R.framework/Resources/include" -DNDEBUG   -I/opt/R/arm64/include    -fPIC  -falign-functions=64 -Wall -g -O2  -c nestedness.c -o nestedness.o
/opt/gfortran/bin/gfortran  -fPIC  -Wall -g -O2  -c ordering.f -o ordering.o
/opt/homebrew/opt/llvm@16/bin/clang  -I"/Library/Frameworks/R.framework/Resources/include" -DNDEBUG   -I/opt/R/arm64/include    -fPIC  -falign-functions=64 -Wall -g -O2  -c pnpoly.c -o pnpoly.o
/opt/homebrew/opt/llvm@16/bin/clang  -I"/Library/Frameworks/R.framework/Resources/include" -DNDEBUG   -I/opt/R/arm64/include    -fPIC  -falign-functions=64 -Wall -g -O2  -c stepacross.c -o stepacross.o
/opt/homebrew/opt/llvm@16/bin/clang  -I"/Library/Frameworks/R.framework/Resources/include" -DNDEBUG   -I/opt/R/arm64/include    -fPIC  -falign-functions=64 -Wall -g -O2  -c vegdist.c -o vegdist.o
/opt/homebrew/opt/llvm@16/bin/clang -dynamiclib -Wl,-headerpad_max_install_names -undefined dynamic_lookup -L/Library/Frameworks/R.framework/Resources/lib -L/opt/R/arm64/lib -o vegan.so data2hill.o decorana.o getF.o goffactor.o init.o monoMDS.o nestedness.o ordering.o pnpoly.o stepacross.o vegdist.o -L/Library/Frameworks/R.framework/Resources/lib -lRlapack -L/Library/Frameworks/R.framework/Resources/lib -lRblas -L/opt/gfortran/lib/gcc/aarch64-apple-darwin20.0/14.2.0 -L/opt/gfortran/lib -lemutls_w -lheapt_w -lgfortran -lquadmath -L/opt/gfortran/lib/gcc/aarch64-apple-darwin20.0/14.2.0 -L/opt/gfortran/lib -lemutls_w -lheapt_w -lgfortran -lquadmath -F/Library/Frameworks/R.framework/.. -framework R
ld: warning: ignoring duplicate libraries: '-lemutls_w', '-lgfortran', '-lheapt_w', '-lquadmath'
installing to /Users/kreutzer/GitHub/RLumShiny/RLumShiny.BuildResults/Library/00LOCK-vegan/00new/vegan/libs
** R
** data
** inst
** byte-compile and prepare package for lazy loading
** help
*** installing help indices
** building package indices
** installing vignettes
** testing if installed package can be loaded from temporary location
** checking absolute paths in shared objects and dynamic libraries
** testing if installed package can be loaded from final location
** testing if installed package keeps a record of temporary installation path
* DONE (vegan)
